Log file open, 02/25/22 23:55:05
LogPlatformFile: Not using cached read wrapper
LogTaskGraph: Started task graph with 4 named threads and 11 total threads with 1 sets of task threads.
LogICUInternationalization: ICU TimeZone Detection - Raw Offset: -6:00, Platform Override: ''
LogInit: Display: Loading text-based GConfig....
LogInit: Build: ++UE4+Release-4.27-CL-0
LogInit: Engine Version: 4.27.2-0+++UE4+Release-4.27
LogInit: Compatible Engine Version: 4.27.0-0+++UE4+Release-4.27
LogInit: Net CL: 0
LogInit: OS: GenericOSVersionLabel (GenericOSSubVersionLabel), CPU: AMD Ryzen 7 3700X 8-Core Processor             , GPU: GenericGPUBrand
LogInit: Compiled (64-bit): Feb  3 2022 17:08:58
LogInit: Compiled with Clang: 11.0.1 
LogInit: Build Configuration: Shipping
LogInit: Branch Name: ++UE4+Release-4.27
LogInit: Command Line:  -Abslog="/home/sahil/Desk/Files/UIUC/Semester_4/CS498_Game_Development/LevelGame/Saved/Logs/UnrealLearningKitGames-CRC.log" "/home/sahil/Desk/Files/UIUC/Semester_4/CS498_Game_Development/LevelGame/Saved/Crashes/crashinfo-UnrealLearningKitGames-pid-320509-78A7BC8C4597443D94F197F56A15314F/"
LogInit: Base Directory: /home/sahil/Documents/UnrealEngine/Engine/Binaries/Linux/
LogInit: Allocator: binned2
LogInit: Installed Engine Build: 1
LogInit: Presizing for max 100000 objects, including 0 objects not considered by GC, pre-allocating 0 bytes for permanent pool.
LogConfig: Applying CVar settings from Section [/Script/Engine.StreamingSettings] File [/home/sahil/.config/Epic/CrashReportClient/Saved/Config/Linux/Engine.ini]
LogConfig: Setting CVar [[s.MinBulkDataSizeForAsyncLoading:131072]]
LogConfig: Setting CVar [[s.AsyncLoadingThreadEnabled:0]]
LogConfig: Setting CVar [[s.EventDrivenLoaderEnabled:1]]
LogConfig: Setting CVar [[s.WarnIfTimeLimitExceeded:0]]
LogConfig: Setting CVar [[s.TimeLimitExceededMultiplier:1.5]]
LogConfig: Setting CVar [[s.TimeLimitExceededMinTime:0.005]]
LogConfig: Setting CVar [[s.FlushStreamingOnExit:1]]
LogInit: Object subsystem initialized
LogConfig: Applying CVar settings from Section [ConsoleVariables] File [/home/sahil/.config/Epic/CrashReportClient/Saved/Config/Linux/Engine.ini]
[2022.02.26-05.55.05:389][  0]LogInit: Unix hardware info:
[2022.02.26-05.55.05:389][  0]LogInit:  - we are the first instance of this executable
[2022.02.26-05.55.05:389][  0]LogInit:  - this process' id (pid) is 591599, parent process' id (ppid) is 320509
[2022.02.26-05.55.05:389][  0]LogInit:  - we are not running under debugger
[2022.02.26-05.55.05:390][  0]LogInit:  - machine network name is 'EpicThinker'
[2022.02.26-05.55.05:390][  0]LogInit:  - user name is 'sahil' (sahil)
[2022.02.26-05.55.05:390][  0]LogInit:  - we're logged in locally
[2022.02.26-05.55.05:390][  0]LogInit:  - we're running with rendering
[2022.02.26-05.55.05:390][  0]LogInit:  - CPU: AuthenticAMD 'AMD Ryzen 7 3700X 8-Core Processor             ' (signature: 0x870F10)
[2022.02.26-05.55.05:390][  0]LogInit:  - Number of physical cores available for the process: 8
[2022.02.26-05.55.05:390][  0]LogInit:  - Number of logical cores available for the process: 16
[2022.02.26-05.55.05:390][  0]LogInit:  - Cache line size: 64
[2022.02.26-05.55.05:390][  0]LogInit:  - Memory allocator used: binned2
[2022.02.26-05.55.05:390][  0]LogInit:  - This binary is optimized with LTO: no, PGO: no, instrumented for PGO data collection: no
[2022.02.26-05.55.05:390][  0]LogInit:  - This is an internal build.
[2022.02.26-05.55.05:390][  0]LogCore: Skipped benchmarking clocks because the engine is running in a standalone program mode - CLOCK_MONOTONIC will be used.
[2022.02.26-05.55.05:390][  0]LogInit: Unix-specific commandline switches:
[2022.02.26-05.55.05:390][  0]LogInit:  -ansimalloc - use malloc()/free() from libc (useful for tools like valgrind and electric fence)
[2022.02.26-05.55.05:390][  0]LogInit:  -jemalloc - use jemalloc for all memory allocation
[2022.02.26-05.55.05:390][  0]LogInit:  -binnedmalloc - use binned malloc  for all memory allocation
[2022.02.26-05.55.05:390][  0]LogInit:  -filemapcachesize=NUMBER - set the size for case-sensitive file mapping cache
[2022.02.26-05.55.05:390][  0]LogInit:  -useksm - uses kernel same-page mapping (KSM) for mapped memory (OFF)
[2022.02.26-05.55.05:390][  0]LogInit:  -ksmmergeall - marks all mmap'd memory pages suitable for KSM (OFF)
[2022.02.26-05.55.05:390][  0]LogInit:  -preloadmodulesymbols - Loads the main module symbols file into memory (OFF)
[2022.02.26-05.55.05:390][  0]LogInit:  -sigdfl=SIGNAL - Allows a specific signal to be set to its default handler rather then ignoring the signal
[2022.02.26-05.55.05:390][  0]LogInit:  -httpproxy=ADDRESS:PORT - redirects HTTP requests to a proxy (only supported if compiled with libcurl)
[2022.02.26-05.55.05:390][  0]LogInit:  -reuseconn - allow libcurl to reuse HTTP connections (only matters if compiled with libcurl)
[2022.02.26-05.55.05:390][  0]LogInit:  -virtmemkb=NUMBER - sets process virtual memory (address space) limit (overrides VirtualMemoryLimitInKB value from .ini)
[2022.02.26-05.55.05:390][  0]LogInit:  - Physical RAM available (not considering process quota): 63 GB (64319 MB, 65863260 KB, 67443978240 bytes)
[2022.02.26-05.55.05:390][  0]LogInit:  - VirtualMemoryAllocator pools will grow at scale 1.4
[2022.02.26-05.55.05:390][  0]LogInit:  - MemoryRangeDecommit() will be a no-op (re-run with -vmapoolevict to change)
[2022.02.26-05.55.05:399][  0]LogUObjectArray: 363 objects as part of root set at end of initial load.
[2022.02.26-05.55.05:399][  0]LogUObjectAllocator: 62768 out of 0 bytes used by permanent object pool.
[2022.02.26-05.55.05:399][  0]LogUObjectArray: CloseDisregardForGC: 0/0 objects in disregard for GC pool
[2022.02.26-05.55.05:399][  0]LogInit: Using OS detected language (en-US).
[2022.02.26-05.55.05:399][  0]LogInit: Using OS detected locale (en-US).
[2022.02.26-05.55.05:399][  0]LogTextLocalizationManager: No specific localization for 'en-US' exists, so the 'en' localization will be used.
[2022.02.26-05.55.05:411][  0]LogInit: Using OS detected language (en-US).
[2022.02.26-05.55.05:411][  0]LogInit: Using OS detected locale (en-US).
[2022.02.26-05.55.05:411][  0]LogTextLocalizationManager: No localization for 'en-US' exists, so 'en' will be used for the language.
[2022.02.26-05.55.05:411][  0]LogTextLocalizationManager: No localization for 'en-US' exists, so 'en' will be used for the locale.
[2022.02.26-05.55.05:412][  0]LogTextLocalizationManager: Compacting localization data took   1.13ms
[2022.02.26-05.55.05:412][  0]LogPackageLocalizationCache: Processed 2 localized package path(s) for 1 prioritized culture(s) in 0.000021 seconds
[2022.02.26-05.55.05:412][  0]CrashReportCoreLog: CrashReportClientVersion=1.0
[2022.02.26-05.55.05:412][  0]CrashReportCoreLog: CrashReportReceiver disabled
[2022.02.26-05.55.05:412][  0]CrashReportCoreLog: DataRouterUrl: https://datarouter.ol.epicgames.com/datarouter/api/v1/public/data
[2022.02.26-05.55.05:414][  0]LogInit: Initializing SDL.
[2022.02.26-05.55.05:456][  0]LogInit: Initialized SDL 2.0.12 revision: 13609 (hg-13609:34cc7d3b69d3) (compiled against 2.0.12)
[2022.02.26-05.55.05:456][  0]LogInit: Using SDL video driver 'x11'
[2022.02.26-05.55.05:460][  0]LogSlate: New Slate User Created.  User Index 0, Is Virtual User: 0
[2022.02.26-05.55.05:460][  0]LogSlate: Slate User Registered.  User Index 0, Is Virtual User: 0
[2022.02.26-05.55.05:461][  0]LogSlate: Using FreeType 2.10.0
[2022.02.26-05.55.05:461][  0]LogSlate: SlateFontServices - WITH_FREETYPE: 1, WITH_HARFBUZZ: 1
[2022.02.26-05.55.05:461][  0]LogInit: Using SDL_WINDOW_OPENGL
[2022.02.26-05.55.05:605][  0]LogInit: FSlateOpenGLContext::Initialize - creating OpenGL 2.1 context
[2022.02.26-05.55.05:699][  0]CrashReportCoreLog: Initial state = Unknown UploadState value
[2022.02.26-05.55.05:700][  0]CrashReportCoreLog: Initial state = Unknown UploadState value
[2022.02.26-05.55.05:738][  0]LogInit: FSlateOpenGLContext::Initialize - creating OpenGL 2.1 context
[2022.02.26-05.55.05:772][  0]LogSlate: Took 0.000139 seconds to synchronously load lazily loaded font '../../../Engine/Content/Slate/Fonts/Roboto-Regular.ttf' (155K)
[2022.02.26-05.55.05:773][  0]LogSlate: Took 0.000064 seconds to synchronously load lazily loaded font '../../../Engine/Content/Slate/Fonts/Roboto-Bold.ttf' (160K)
[2022.02.26-05.55.05:775][  0]LogSlate: Took 0.000057 seconds to synchronously load lazily loaded font '../../../Engine/Content/Slate/Fonts/Roboto-Italic.ttf' (157K)
[2022.02.26-05.55.11:631][  0]CrashReportCoreLog: Got 4 pending files to upload from 'crashinfo-UnrealLearningKitGames-pid-320509-78A7BC8C4597443D94F197F56A15314F'
[2022.02.26-05.55.11:631][  0]CrashReportCoreLog: State change from Ready to SendingFiles
[2022.02.26-05.55.11:631][  0]CrashReportCoreLog: CompressAndSendData have 4 pending files
[2022.02.26-05.55.11:631][  0]CrashReportCoreLog: CompressAndSendData compressing 31580 bytes ('/home/sahil/Desk/Files/UIUC/Semester_4/CS498_Game_Development/LevelGame/Saved/Crashes/crashinfo-UnrealLearningKitGames-pid-320509-78A7BC8C4597443D94F197F56A15314F/CrashContext.runtime-xml')
[2022.02.26-05.55.11:631][  0]CrashReportCoreLog: CompressAndSendData compressing 3651 bytes ('/home/sahil/Desk/Files/UIUC/Semester_4/CS498_Game_Development/LevelGame/Saved/Crashes/crashinfo-UnrealLearningKitGames-pid-320509-78A7BC8C4597443D94F197F56A15314F/Diagnostics.txt')
[2022.02.26-05.55.11:631][  0]CrashReportCoreLog: CompressAndSendData compressing 107 bytes ('/home/sahil/Desk/Files/UIUC/Semester_4/CS498_Game_Development/LevelGame/Saved/Crashes/crashinfo-UnrealLearningKitGames-pid-320509-78A7BC8C4597443D94F197F56A15314F/CrashReportClient.ini')
[2022.02.26-05.55.11:631][  0]CrashReportCoreLog: Warning: Skipping the UnrealLearningKitGames.log
[2022.02.26-05.55.11:649][  0]LogInit: Using libcurl 7.65.3-DEV
[2022.02.26-05.55.11:649][  0]LogInit:  - built for x86_64-unknown-linux-gnu
[2022.02.26-05.55.11:649][  0]LogInit:  - supports SSL with OpenSSL/1.1.1c
[2022.02.26-05.55.11:649][  0]LogInit:  - supports HTTP deflate (compression) using libz 1.2.8
[2022.02.26-05.55.11:649][  0]LogInit:  - other features:
[2022.02.26-05.55.11:649][  0]LogInit:      CURL_VERSION_SSL
[2022.02.26-05.55.11:649][  0]LogInit:      CURL_VERSION_LIBZ
[2022.02.26-05.55.11:649][  0]LogInit:      CURL_VERSION_IPV6
[2022.02.26-05.55.11:649][  0]LogInit:      CURL_VERSION_ASYNCHDNS
[2022.02.26-05.55.11:649][  0]LogInit:      CURL_VERSION_LARGEFILE
[2022.02.26-05.55.11:649][  0]LogInit:      CURL_VERSION_TLSAUTH_SRP
[2022.02.26-05.55.11:649][  0]LogInit:  CurlRequestOptions (configurable via config and command line):
[2022.02.26-05.55.11:649][  0]LogInit:  - bVerifyPeer = false  - Libcurl will NOT verify peer certificate
[2022.02.26-05.55.11:649][  0]LogInit:  - bUseHttpProxy = false  - Libcurl will NOT use HTTP proxy
[2022.02.26-05.55.11:649][  0]LogInit:  - bDontReuseConnections = false  - Libcurl will reuse connections
[2022.02.26-05.55.11:649][  0]LogInit:  - MaxHostConnections = 16  - Libcurl will limit the number of connections to a host
[2022.02.26-05.55.11:649][  0]LogInit:  - LocalHostAddr = Default
[2022.02.26-05.55.11:649][  0]LogInit:  - BufferSize = 65536
[2022.02.26-05.55.11:649][  0]CrashReportCoreLog: Sending HTTP request: https://datarouter.ol.epicgames.com/datarouter/api/v1/public/data?AppID=CrashReporter&AppVersion=4.27.2-0%2B%2B%2BUE4%2BRelease-4.27&AppEnvironment=Release&UploadType=crashreports&UserID=2a39fc765d5d4b48b2dde0c8b9b093e1-000003e8%7C%7C2a39fc765d5d4b48b2dde0c8b9b093e1
[2022.02.26-05.55.11:864][  0]CrashReportCoreLog: OnProcessRequestComplete(), State=SendingFiles bSucceeded=1
[2022.02.26-05.55.11:864][  0]CrashReportCoreLog: State change from SendingFiles to SendingFiles
[2022.02.26-05.55.11:864][  0]CrashReportCoreLog: All uploads done
[2022.02.26-05.55.11:864][  0]CrashReportCoreLog: State change from SendingFiles to Finished
[2022.02.26-05.55.12:666][  0]LogSlate: Request Window 'Unreal Engine 4 Crash Reporter' being destroyed
[2022.02.26-05.55.12:666][  0]LogSlate: Window 'Unreal Engine 4 Crash Reporter' being destroyed
[2022.02.26-05.55.12:672][  0]LogCore: Engine exit requested (reason: OnRequestExit)
[2022.02.26-05.55.12:673][  0]CrashReportCoreLog: Final state (Receiver) = Finished
[2022.02.26-05.55.12:673][  0]CrashReportCoreLog: Final state (Receiver) = Unknown UploadState value
[2022.02.26-05.55.12:693][  0]LogSlate: Slate User Destroyed.  User Index 0, Is Virtual User: 0
[2022.02.26-05.55.12:693][  0]LogCore: Engine exit requested (reason: CrashReportClientApp RequestExit; note: exit was already requested)
[2022.02.26-05.55.12:693][  0]LogExit: Preparing to exit.
[2022.02.26-05.55.12:693][  0]LogExit: Object subsystem successfully closed.
[2022.02.26-05.55.12:695][  0]LogModuleManager: Shutting down and abandoning module HTTP (14)
[2022.02.26-05.55.12:695][  0]LogHttp: Display: cleaning up 0 outstanding Http requests.
[2022.02.26-05.55.12:713][  0]LogModuleManager: Shutting down and abandoning module SSL (13)
[2022.02.26-05.55.12:714][  0]LogModuleManager: Shutting down and abandoning module ImageWrapper (10)
[2022.02.26-05.55.12:714][  0]LogModuleManager: Shutting down and abandoning module InputCore (8)
[2022.02.26-05.55.12:714][  0]LogModuleManager: Shutting down and abandoning module CoreUObject (6)
[2022.02.26-05.55.12:714][  0]LogModuleManager: Shutting down and abandoning module PakFile (4)
[2022.02.26-05.55.12:714][  0]LogModuleManager: Shutting down and abandoning module RSA (3)
[2022.02.26-05.55.12:714][  0]LogExit: Exiting.
[2022.02.26-05.55.12:714][  0]LogInit: Tearing down SDL.
[2022.02.26-05.55.12:725][  0]Log file closed, 02/25/22 23:55:12
